[2021-12-07 22:28:10][108] Processing: App\Jobs\SendNotice
[2021-12-07 22:29:41][108] Processing: App\Jobs\SendNotice
[2021-12-07 22:30:43][108] Processing: App\Jobs\SendNotice
[2021-12-07 22:31:44][108] Processing: App\Jobs\SendNotice
[2021-12-07 22:32:45][108] Processing: App\Jobs\SendNotice
[2021-12-07 22:33:47][108] Processing: App\Jobs\SendNotice
[2021-12-07 22:33:47][108] Failed:     App\Jobs\SendNotice
[2021-12-08 14:09:19][109] Processing: App\Jobs\SendNotice
[2021-12-08 14:09:32][110] Processing: App\Jobs\SendNotice
[2021-12-08 14:10:07][111] Processing: App\Jobs\SendNotice
[2021-12-08 14:10:20][109] Processing: App\Jobs\SendNotice
[2021-12-08 14:10:33][110] Processing: App\Jobs\SendNotice
[2021-12-08 14:10:56][112] Processing: App\Jobs\SendNotice
[2021-12-08 14:11:09][111] Processing: App\Jobs\SendNotice
[2021-12-08 14:11:22][109] Processing: App\Jobs\SendNotice
[2021-12-08 14:11:33][110] Processing: App\Jobs\SendNotice
[2021-12-08 14:11:40][113] Processing: App\Jobs\SendNotice
[2021-12-08 14:11:56][112] Processing: App\Jobs\SendNotice
[2021-12-08 14:12:10][111] Processing: App\Jobs\SendNotice
[2021-12-08 14:12:23][109] Processing: App\Jobs\SendNotice
[2021-12-08 14:12:33][110] Processing: App\Jobs\SendNotice
[2021-12-08 14:12:41][113] Processing: App\Jobs\SendNotice
[2021-12-08 14:12:42][114] Processing: App\Jobs\SendNotice
[2021-12-08 14:12:46][119] Processing: App\Jobs\SendNotice
[2021-12-08 14:12:57][112] Processing: App\Jobs\SendNotice
[2021-12-08 14:13:10][111] Processing: App\Jobs\SendNotice
[2021-12-08 14:13:23][109] Processing: App\Jobs\SendNotice
[2021-12-08 14:13:34][110] Processing: App\Jobs\SendNotice
[2021-12-08 14:13:41][113] Processing: App\Jobs\SendNotice
[2021-12-08 14:13:42][114] Processing: App\Jobs\SendNotice
[2021-12-08 14:13:44][116] Processing: App\Jobs\TelegramFeedBack
[2021-12-08 14:13:46][119] Processing: App\Jobs\SendNotice
[2021-12-08 14:13:49][120] Processing: App\Jobs\SendNotice
[2021-12-09 15:53:22][109] Processing: App\Jobs\SendNotice
[2021-12-09 15:53:22][109] Failed:     App\Jobs\SendNotice
[2021-12-09 15:53:22][110] Processing: App\Jobs\SendNotice
[2021-12-09 15:53:22][110] Failed:     App\Jobs\SendNotice
[2021-12-09 15:53:22][111] Processing: App\Jobs\SendNotice
[2021-12-09 15:53:23][112] Processing: App\Jobs\SendNotice
[2021-12-09 15:53:26][113] Processing: App\Jobs\SendNotice
[2021-12-09 15:53:29][114] Processing: App\Jobs\SendNotice
[2021-12-09 15:54:08][116] Processing: App\Jobs\TelegramFeedBack
[2021-12-09 15:54:08][116] Failed:     App\Jobs\TelegramFeedBack
[2021-12-09 15:54:08][117] Processing: App\Jobs\SendNotice
[2021-12-09 15:54:09][118] Processing: App\Jobs\SendNotice
[2021-12-09 15:54:11][119] Processing: App\Jobs\SendNotice
[2021-12-09 15:54:11][119] Failed:     App\Jobs\SendNotice
[2021-12-09 15:54:11][120] Processing: App\Jobs\SendNotice
[2021-12-09 15:54:11][120] Failed:     App\Jobs\SendNotice
[2021-12-09 15:54:11][122] Processing: App\Jobs\TelegramFeedBack
[2021-12-09 15:54:15][123] Processing: App\Jobs\SendNotice
[2021-12-09 15:59:22][147] Processing: App\Jobs\SendNotice
[2021-12-09 16:00:08][149] Processing: App\Jobs\SendNotice
[2021-12-09 16:00:09][148] Processing: App\Jobs\SendNotice
[2021-12-09 16:00:09][148] Failed:     App\Jobs\SendNotice
[2021-12-09 16:00:24][147] Processing: App\Jobs\SendNotice
[2021-12-09 16:00:24][147] Failed:     App\Jobs\SendNotice
[2021-12-09 16:01:09][149] Processing: App\Jobs\SendNotice
[2021-12-09 16:01:09][149] Failed:     App\Jobs\SendNotice
[2021-12-09 16:01:10][151] Processing: App\Jobs\TelegramFeedBack
[2021-12-09 16:02:11][151] Processing: App\Jobs\TelegramFeedBack
[2021-12-09 16:02:11][151] Failed:     App\Jobs\TelegramFeedBack
[2021-12-09 16:50:58][152] Processing: App\Jobs\SendNotice
[2021-12-09 16:51:56][153] Processing: App\Jobs\SendNotice
[2021-12-09 16:51:57][156] Processing: App\Jobs\SendNotice
[2021-12-09 16:51:59][152] Processing: App\Jobs\SendNotice
[2021-12-09 16:51:59][152] Failed:     App\Jobs\SendNotice
[2021-12-09 16:52:53][157] Processing: App\Jobs\SendNotice
[2021-12-09 16:52:57][153] Processing: App\Jobs\SendNotice
[2021-12-09 16:52:57][153] Failed:     App\Jobs\SendNotice
[2021-12-09 16:52:57][155] Processing: App\Jobs\TelegramFeedBack
[2021-12-09 16:52:58][156] Processing: App\Jobs\SendNotice
[2021-12-09 16:52:58][156] Failed:     App\Jobs\SendNotice
[2021-12-09 16:53:55][157] Processing: App\Jobs\SendNotice
[2021-12-09 16:53:55][157] Failed:     App\Jobs\SendNotice
[2021-12-09 16:53:55][159] Processing: App\Jobs\TelegramFeedBack
[2021-12-09 16:53:57][155] Processing: App\Jobs\TelegramFeedBack
[2021-12-09 16:53:57][155] Failed:     App\Jobs\TelegramFeedBack
[2021-12-09 16:54:00][160] Processing: App\Jobs\SendNotice
[2021-12-09 16:54:55][159] Processing: App\Jobs\TelegramFeedBack
[2021-12-09 16:54:55][159] Failed:     App\Jobs\TelegramFeedBack
[2021-12-09 16:54:58][161] Processing: App\Jobs\SendNotice
[2021-12-09 16:55:00][160] Processing: App\Jobs\SendNotice
[2021-12-09 16:55:00][160] Failed:     App\Jobs\SendNotice
[2021-12-09 16:55:57][163] Processing: App\Jobs\TelegramFeedBack
[2021-12-09 16:55:58][161] Processing: App\Jobs\SendNotice
[2021-12-09 16:55:58][161] Failed:     App\Jobs\SendNotice
[2021-12-09 16:56:58][163] Processing: App\Jobs\TelegramFeedBack
[2021-12-09 16:56:58][163] Failed:     App\Jobs\TelegramFeedBack
[2021-12-09 17:01:41][164] Processing: App\Jobs\SendNotice
[2021-12-09 17:02:39][165] Processing: App\Jobs\SendNotice
[2021-12-09 17:02:43][164] Processing: App\Jobs\SendNotice
[2021-12-09 17:02:43][164] Failed:     App\Jobs\SendNotice
[2021-12-09 17:03:40][165] Processing: App\Jobs\SendNotice
[2021-12-09 17:03:40][165] Failed:     App\Jobs\SendNotice
[2021-12-09 17:03:40][167] Processing: App\Jobs\TelegramFeedBack
[2021-12-09 17:04:42][167] Processing: App\Jobs\TelegramFeedBack
[2021-12-09 17:04:42][167] Failed:     App\Jobs\TelegramFeedBack
[2021-12-09 18:20:32][168] Processing: App\Jobs\SendNotice
[2021-12-09 18:20:43][169] Processing: App\Jobs\SendNotice
[2021-12-09 18:20:53][170] Processing: App\Jobs\SendNotice
[2021-12-09 18:21:00][171] Processing: App\Jobs\SendNotice
[2021-12-09 18:21:08][172] Processing: App\Jobs\SendNotice
[2021-12-09 18:21:33][168] Processing: App\Jobs\SendNotice
[2021-12-09 18:21:33][168] Failed:     App\Jobs\SendNotice
[2021-12-09 18:21:45][169] Processing: App\Jobs\SendNotice
[2021-12-09 18:21:45][169] Failed:     App\Jobs\SendNotice
[2021-12-09 18:21:54][170] Processing: App\Jobs\SendNotice
[2021-12-09 18:21:54][170] Failed:     App\Jobs\SendNotice
[2021-12-09 18:22:00][171] Processing: App\Jobs\SendNotice
[2021-12-09 18:22:00][171] Failed:     App\Jobs\SendNotice
[2021-12-09 18:22:09][172] Processing: App\Jobs\SendNotice
[2021-12-09 18:22:09][172] Failed:     App\Jobs\SendNotice
[2021-12-10 08:00:02][150] Processing: App\Jobs\TelegramNotice
[2021-12-10 08:00:04][154] Processing: App\Jobs\TelegramNotice
[2021-12-10 08:01:02][150] Processing: App\Jobs\TelegramNotice
[2021-12-10 08:01:02][150] Failed:     App\Jobs\TelegramNotice
[2021-12-10 08:01:05][154] Processing: App\Jobs\TelegramNotice
[2021-12-10 08:01:05][154] Failed:     App\Jobs\TelegramNotice
[2021-12-13 11:19:00][173] Processing: App\Jobs\SendNotice
[2021-12-13 11:19:58][174] Processing: App\Jobs\SendNotice
[2021-12-13 11:20:02][173] Processing: App\Jobs\SendNotice
[2021-12-13 11:20:02][173] Failed:     App\Jobs\SendNotice
[2021-12-13 11:20:59][174] Processing: App\Jobs\SendNotice
[2021-12-13 11:20:59][174] Failed:     App\Jobs\SendNotice
[2021-12-13 11:20:59][176] Processing: App\Jobs\TelegramFeedBack
[2021-12-13 11:22:01][176] Processing: App\Jobs\TelegramFeedBack
[2021-12-13 11:22:01][176] Failed:     App\Jobs\TelegramFeedBack
[2021-12-13 11:42:20][177] Processing: App\Jobs\SendNotice
[2021-12-13 11:43:18][178] Processing: App\Jobs\SendNotice
[2021-12-13 11:43:20][177] Processing: App\Jobs\SendNotice
[2021-12-13 11:43:20][177] Failed:     App\Jobs\SendNotice
[2021-12-13 11:43:59][181] Processing: App\Jobs\SendNotice
[2021-12-13 11:44:12][185] Processing: App\Jobs\SendNotice
[2021-12-13 11:44:19][178] Processing: App\Jobs\SendNotice
[2021-12-13 11:44:19][178] Failed:     App\Jobs\SendNotice
[2021-12-13 11:44:19][180] Processing: App\Jobs\TelegramFeedBack
[2021-12-13 11:44:24][189] Processing: App\Jobs\SendNotice
[2021-12-13 11:44:58][182] Processing: App\Jobs\SendNotice
[2021-12-13 11:44:59][181] Processing: App\Jobs\SendNotice
[2021-12-13 11:44:59][181] Failed:     App\Jobs\SendNotice
[2021-12-13 11:45:11][186] Processing: App\Jobs\SendNotice
[2021-12-13 11:45:13][185] Processing: App\Jobs\SendNotice
[2021-12-13 11:45:13][185] Failed:     App\Jobs\SendNotice
[2021-12-13 11:45:19][180] Processing: App\Jobs\TelegramFeedBack
[2021-12-13 11:45:19][180] Failed:     App\Jobs\TelegramFeedBack
[2021-12-13 11:45:25][189] Processing: App\Jobs\SendNotice
[2021-12-13 11:45:25][189] Failed:     App\Jobs\SendNotice
[2021-12-13 11:45:25][190] Processing: App\Jobs\SendNotice
[2021-12-13 11:45:59][182] Processing: App\Jobs\SendNotice
[2021-12-13 11:45:59][182] Failed:     App\Jobs\SendNotice
[2021-12-13 11:45:59][184] Processing: App\Jobs\TelegramFeedBack
[2021-12-13 11:46:10][188] Processing: App\Jobs\TelegramFeedBack
[2021-12-13 11:46:11][186] Processing: App\Jobs\SendNotice
[2021-12-13 11:46:11][186] Failed:     App\Jobs\SendNotice
[2021-12-13 11:46:23][192] Processing: App\Jobs\TelegramFeedBack
[2021-12-13 11:46:25][190] Processing: App\Jobs\SendNotice
[2021-12-13 11:46:25][190] Failed:     App\Jobs\SendNotice
[2021-12-13 11:47:01][184] Processing: App\Jobs\TelegramFeedBack
[2021-12-13 11:47:01][184] Failed:     App\Jobs\TelegramFeedBack
[2021-12-13 11:47:10][188] Processing: App\Jobs\TelegramFeedBack
[2021-12-13 11:47:10][188] Failed:     App\Jobs\TelegramFeedBack
[2021-12-13 11:47:25][192] Processing: App\Jobs\TelegramFeedBack
[2021-12-13 11:47:25][192] Failed:     App\Jobs\TelegramFeedBack
[2021-12-13 11:51:10][193] Processing: App\Jobs\SendNotice
[2021-12-13 11:52:08][194] Processing: App\Jobs\SendNotice
[2021-12-13 11:52:10][193] Processing: App\Jobs\SendNotice
[2021-12-13 11:52:10][193] Failed:     App\Jobs\SendNotice
[2021-12-13 11:53:10][194] Processing: App\Jobs\SendNotice
[2021-12-13 11:53:10][194] Failed:     App\Jobs\SendNotice
[2021-12-13 11:53:10][196] Processing: App\Jobs\TelegramFeedBack
[2021-12-13 11:53:17][197] Processing: App\Jobs\SendNotice
[2021-12-13 11:54:13][196] Processing: App\Jobs\TelegramFeedBack
[2021-12-13 11:54:13][196] Failed:     App\Jobs\TelegramFeedBack
[2021-12-13 11:54:19][197] Processing: App\Jobs\SendNotice
[2021-12-13 11:54:19][197] Failed:     App\Jobs\SendNotice
[2021-12-13 11:59:04][198] Processing: App\Jobs\SendNotice
[2021-12-13 12:00:05][198] Processing: App\Jobs\SendNotice
[2021-12-13 12:00:05][198] Failed:     App\Jobs\SendNotice
[2021-12-13 12:00:05][199] Processing: App\Jobs\SendNotice
[2021-12-13 12:01:03][201] Processing: App\Jobs\TelegramFeedBack
[2021-12-13 12:01:05][199] Processing: App\Jobs\SendNotice
[2021-12-13 12:01:05][199] Failed:     App\Jobs\SendNotice
[2021-12-13 12:02:05][201] Processing: App\Jobs\TelegramFeedBack
[2021-12-13 12:02:05][201] Failed:     App\Jobs\TelegramFeedBack
[2021-12-13 14:15:27][202] Processing: App\Jobs\SendNotice
[2021-12-13 14:16:26][203] Processing: App\Jobs\SendNotice
[2021-12-13 14:16:27][202] Processing: App\Jobs\SendNotice
[2021-12-13 14:16:27][202] Failed:     App\Jobs\SendNotice
[2021-12-13 14:17:27][203] Processing: App\Jobs\SendNotice
[2021-12-13 14:17:27][203] Failed:     App\Jobs\SendNotice
[2021-12-13 14:17:27][205] Processing: App\Jobs\TelegramFeedBack
[2021-12-13 14:18:29][205] Processing: App\Jobs\TelegramFeedBack
[2021-12-13 14:18:29][205] Failed:     App\Jobs\TelegramFeedBack
[2021-12-13 23:12:04][206] Processing: App\Jobs\SendNotice
[2021-12-13 23:13:03][207] Processing: App\Jobs\SendNotice
[2021-12-13 23:13:04][206] Processing: App\Jobs\SendNotice
[2021-12-13 23:13:04][206] Failed:     App\Jobs\SendNotice
[2021-12-13 23:14:04][207] Processing: App\Jobs\SendNotice
[2021-12-13 23:14:04][207] Failed:     App\Jobs\SendNotice
[2021-12-13 23:14:04][209] Processing: App\Jobs\TelegramFeedBack
[2021-12-13 23:15:06][209] Processing: App\Jobs\TelegramFeedBack
[2021-12-13 23:15:06][209] Failed:     App\Jobs\TelegramFeedBack
[2021-12-13 23:33:18][210] Processing: App\Jobs\SendNotice
[2021-12-13 23:34:17][211] Processing: App\Jobs\SendNotice
[2021-12-13 23:34:18][210] Processing: App\Jobs\SendNotice
[2021-12-13 23:34:18][210] Failed:     App\Jobs\SendNotice
[2021-12-13 23:34:39][217] Processing: App\Jobs\SendNotice
[2021-12-13 23:35:10][221] Processing: App\Jobs\SendNotice
[2021-12-13 23:35:18][211] Processing: App\Jobs\SendNotice
[2021-12-13 23:35:18][211] Failed:     App\Jobs\SendNotice
[2021-12-13 23:35:18][213] Processing: App\Jobs\TelegramFeedBack
[2021-12-13 23:35:37][218] Processing: App\Jobs\SendNotice
[2021-12-13 23:35:41][214] Processing: App\Jobs\SendNotice
[2021-12-13 23:35:43][217] Processing: App\Jobs\SendNotice
[2021-12-13 23:35:43][217] Failed:     App\Jobs\SendNotice
[2021-12-13 23:35:49][215] Processing: App\Jobs\SendNotice
[2021-12-13 23:35:59][216] Processing: App\Jobs\SendNotice
[2021-12-13 23:36:09][222] Processing: App\Jobs\SendNotice
[2021-12-13 23:36:11][221] Processing: App\Jobs\SendNotice
[2021-12-13 23:36:11][221] Failed:     App\Jobs\SendNotice
[2021-12-13 23:36:20][213] Processing: App\Jobs\TelegramFeedBack
[2021-12-13 23:36:20][213] Failed:     App\Jobs\TelegramFeedBack
[2021-12-13 23:36:38][218] Processing: App\Jobs\SendNotice
[2021-12-13 23:36:38][218] Failed:     App\Jobs\SendNotice
[2021-12-13 23:36:38][220] Processing: App\Jobs\TelegramFeedBack
[2021-12-13 23:36:42][214] Processing: App\Jobs\SendNotice
[2021-12-13 23:36:42][214] Failed:     App\Jobs\SendNotice
[2021-12-13 23:36:51][215] Processing: App\Jobs\SendNotice
[2021-12-13 23:36:51][215] Failed:     App\Jobs\SendNotice
[2021-12-13 23:37:00][216] Processing: App\Jobs\SendNotice
[2021-12-13 23:37:00][216] Failed:     App\Jobs\SendNotice
[2021-12-13 23:37:09][222] Processing: App\Jobs\SendNotice
[2021-12-13 23:37:09][222] Failed:     App\Jobs\SendNotice
[2021-12-13 23:37:09][224] Processing: App\Jobs\TelegramFeedBack
[2021-12-13 23:37:38][220] Processing: App\Jobs\TelegramFeedBack
[2021-12-13 23:37:38][220] Failed:     App\Jobs\TelegramFeedBack
[2021-12-13 23:38:11][224] Processing: App\Jobs\TelegramFeedBack
[2021-12-13 23:38:11][224] Failed:     App\Jobs\TelegramFeedBack
[2021-12-14 00:14:00][226] Processing: App\Jobs\TelegramNotice
[2021-12-14 00:15:02][226] Processing: App\Jobs\TelegramNotice
[2021-12-14 00:15:02][226] Failed:     App\Jobs\TelegramNotice
[2021-12-14 00:15:59][225] Processing: App\Jobs\SendNotice
[2021-12-14 00:17:00][225] Processing: App\Jobs\SendNotice
[2021-12-14 00:17:00][225] Failed:     App\Jobs\SendNotice
[2021-12-14 00:46:37][229] Processing: App\Jobs\TelegramNotice
[2021-12-14 00:47:39][229] Processing: App\Jobs\TelegramNotice
[2021-12-14 00:47:39][229] Failed:     App\Jobs\TelegramNotice
[2021-12-14 00:48:36][228] Processing: App\Jobs\SendNotice
[2021-12-14 00:49:37][228] Processing: App\Jobs\SendNotice
[2021-12-14 00:49:37][228] Failed:     App\Jobs\SendNotice
[2021-12-14 01:26:41][231] Processing: App\Jobs\SendNotice
[2021-12-14 01:27:40][232] Processing: App\Jobs\SendNotice
[2021-12-14 01:27:41][231] Processing: App\Jobs\SendNotice
[2021-12-14 01:27:41][231] Failed:     App\Jobs\SendNotice
[2021-12-14 01:28:38][234] Processing: App\Jobs\TelegramFeedBack
[2021-12-14 01:28:40][232] Processing: App\Jobs\SendNotice
[2021-12-14 01:28:40][232] Failed:     App\Jobs\SendNotice
[2021-12-14 01:29:40][234] Processing: App\Jobs\TelegramFeedBack
[2021-12-14 01:29:40][234] Failed:     App\Jobs\TelegramFeedBack
[2021-12-14 01:42:37][235] Processing: App\Jobs\SendNotice
[2021-12-14 01:43:35][236] Processing: App\Jobs\SendNotice
[2021-12-14 01:43:37][235] Processing: App\Jobs\SendNotice
[2021-12-14 01:43:37][235] Failed:     App\Jobs\SendNotice
[2021-12-14 01:44:37][236] Processing: App\Jobs\SendNotice
[2021-12-14 01:44:37][236] Failed:     App\Jobs\SendNotice
[2021-12-14 01:44:37][238] Processing: App\Jobs\TelegramFeedBack
[2021-12-14 01:45:38][238] Processing: App\Jobs\TelegramFeedBack
[2021-12-14 01:45:38][238] Failed:     App\Jobs\TelegramFeedBack
[2021-12-14 08:00:02][183] Processing: App\Jobs\TelegramNotice
[2021-12-14 08:01:04][183] Processing: App\Jobs\TelegramNotice
[2021-12-14 08:01:04][183] Failed:     App\Jobs\TelegramNotice
[2021-12-14 08:30:02][204] Processing: App\Jobs\TelegramNotice
[2021-12-14 08:30:03][219] Processing: App\Jobs\TelegramNotice
[2021-12-14 08:31:04][204] Processing: App\Jobs\TelegramNotice
[2021-12-14 08:31:04][204] Failed:     App\Jobs\TelegramNotice
[2021-12-14 08:31:04][219] Processing: App\Jobs\TelegramNotice
[2021-12-14 08:31:04][219] Failed:     App\Jobs\TelegramNotice
[2021-12-14 10:00:01][212] Processing: App\Jobs\TelegramNotice
[2021-12-14 10:01:03][212] Processing: App\Jobs\TelegramNotice
[2021-12-14 10:01:03][212] Failed:     App\Jobs\TelegramNotice
[2021-12-14 10:30:01][208] Processing: App\Jobs\TelegramNotice
[2021-12-14 10:30:02][223] Processing: App\Jobs\TelegramNotice
[2021-12-14 10:31:03][208] Processing: App\Jobs\TelegramNotice
[2021-12-14 10:31:03][208] Failed:     App\Jobs\TelegramNotice
[2021-12-14 10:31:03][223] Processing: App\Jobs\TelegramNotice
[2021-12-14 10:31:03][223] Failed:     App\Jobs\TelegramNotice
[2021-12-14 13:00:02][187] Processing: App\Jobs\TelegramNotice
[2021-12-14 13:01:04][187] Processing: App\Jobs\TelegramNotice
[2021-12-14 13:01:04][187] Failed:     App\Jobs\TelegramNotice
[2021-12-14 14:42:40][239] Processing: App\Jobs\SendNotice
[2021-12-14 14:43:42][239] Processing: App\Jobs\SendNotice
[2021-12-14 14:43:42][239] Failed:     App\Jobs\SendNotice
[2021-12-14 14:43:42][240] Processing: App\Jobs\SendNotice
[2021-12-14 14:44:04][245] Processing: App\Jobs\SendNotice
[2021-12-14 14:44:41][242] Processing: App\Jobs\TelegramFeedBack
[2021-12-14 14:44:43][240] Processing: App\Jobs\SendNotice
[2021-12-14 14:44:43][240] Failed:     App\Jobs\SendNotice
[2021-12-14 14:44:52][243] Processing: App\Jobs\SendNotice
[2021-12-14 14:45:02][246] Processing: App\Jobs\SendNotice
[2021-12-14 14:45:06][245] Processing: App\Jobs\SendNotice
[2021-12-14 14:45:06][245] Failed:     App\Jobs\SendNotice
[2021-12-14 14:45:42][242] Processing: App\Jobs\TelegramFeedBack
[2021-12-14 14:45:42][242] Failed:     App\Jobs\TelegramFeedBack
[2021-12-14 14:45:54][243] Processing: App\Jobs\SendNotice
[2021-12-14 14:45:54][243] Failed:     App\Jobs\SendNotice
[2021-12-14 14:45:54][244] Processing: App\Jobs\SendNotice
[2021-12-14 14:46:02][246] Processing: App\Jobs\SendNotice
[2021-12-14 14:46:02][246] Failed:     App\Jobs\SendNotice
[2021-12-14 14:46:02][248] Processing: App\Jobs\TelegramFeedBack
[2021-12-14 14:46:55][244] Processing: App\Jobs\SendNotice
[2021-12-14 14:46:55][244] Failed:     App\Jobs\SendNotice
[2021-12-14 14:47:04][248] Processing: App\Jobs\TelegramFeedBack
[2021-12-14 14:47:04][248] Failed:     App\Jobs\TelegramFeedBack
[2021-12-14 14:56:07][249] Processing: App\Jobs\SendNotice
[2021-12-14 14:56:44][253] Processing: App\Jobs\SendNotice
[2021-12-14 14:57:07][249] Processing: App\Jobs\SendNotice
[2021-12-14 14:57:07][249] Failed:     App\Jobs\SendNotice
[2021-12-14 14:57:07][250] Processing: App\Jobs\SendNotice
[2021-12-14 14:57:44][253] Processing: App\Jobs\SendNotice
[2021-12-14 14:57:44][253] Failed:     App\Jobs\SendNotice
[2021-12-14 14:57:44][254] Processing: App\Jobs\SendNotice
[2021-12-14 14:58:06][252] Processing: App\Jobs\TelegramFeedBack
[2021-12-14 14:58:08][250] Processing: App\Jobs\SendNotice
[2021-12-14 14:58:08][250] Failed:     App\Jobs\SendNotice
[2021-12-14 14:58:44][254] Processing: App\Jobs\SendNotice
[2021-12-14 14:58:44][254] Failed:     App\Jobs\SendNotice
[2021-12-14 14:58:44][256] Processing: App\Jobs\TelegramFeedBack
[2021-12-14 14:59:06][252] Processing: App\Jobs\TelegramFeedBack
[2021-12-14 14:59:06][252] Failed:     App\Jobs\TelegramFeedBack
[2021-12-14 14:59:46][256] Processing: App\Jobs\TelegramFeedBack
[2021-12-14 14:59:46][256] Failed:     App\Jobs\TelegramFeedBack
[2021-12-14 16:34:22][257] Processing: App\Jobs\SendNotice
[2021-12-14 16:35:20][258] Processing: App\Jobs\SendNotice
[2021-12-14 16:35:24][257] Processing: App\Jobs\SendNotice
[2021-12-14 16:35:24][257] Failed:     App\Jobs\SendNotice
[2021-12-14 16:36:21][258] Processing: App\Jobs\SendNotice
[2021-12-14 16:36:21][258] Failed:     App\Jobs\SendNotice
[2021-12-14 16:36:21][260] Processing: App\Jobs\TelegramFeedBack
[2021-12-14 16:37:23][260] Processing: App\Jobs\TelegramFeedBack
[2021-12-14 16:37:23][260] Failed:     App\Jobs\TelegramFeedBack
[2021-12-14 16:41:02][261] Processing: App\Jobs\SendNotice
[2021-12-14 16:42:03][261] Processing: App\Jobs\SendNotice
[2021-12-14 16:42:03][261] Failed:     App\Jobs\SendNotice
[2021-12-14 16:42:03][262] Processing: App\Jobs\SendNotice
[2021-12-14 16:43:02][264] Processing: App\Jobs\TelegramFeedBack
[2021-12-14 16:43:03][262] Processing: App\Jobs\SendNotice
[2021-12-14 16:43:03][262] Failed:     App\Jobs\SendNotice
[2021-12-14 16:44:03][264] Processing: App\Jobs\TelegramFeedBack
[2021-12-14 16:44:03][264] Failed:     App\Jobs\TelegramFeedBack
[2021-12-14 17:24:23][265] Processing: App\Jobs\SendNotice
[2021-12-14 17:25:21][266] Processing: App\Jobs\SendNotice
[2021-12-14 17:25:25][265] Processing: App\Jobs\SendNotice
[2021-12-14 17:25:25][265] Failed:     App\Jobs\SendNotice
[2021-12-14 17:26:22][266] Processing: App\Jobs\SendNotice
[2021-12-14 17:26:22][266] Failed:     App\Jobs\SendNotice
[2021-12-14 17:26:22][268] Processing: App\Jobs\TelegramFeedBack
[2021-12-14 17:27:24][268] Processing: App\Jobs\TelegramFeedBack
[2021-12-14 17:27:24][268] Failed:     App\Jobs\TelegramFeedBack
[2021-12-14 17:35:45][270] Processing: App\Jobs\SendNotice
[2021-12-14 17:36:35][269] Processing: App\Jobs\SendNotice
[2021-12-14 17:36:45][270] Processing: App\Jobs\SendNotice
[2021-12-14 17:36:45][270] Failed:     App\Jobs\SendNotice
[2021-12-14 17:36:45][271] Processing: App\Jobs\SendNotice
[2021-12-14 17:37:37][269] Processing: App\Jobs\SendNotice
[2021-12-14 17:37:37][269] Failed:     App\Jobs\SendNotice
[2021-12-14 17:37:46][271] Processing: App\Jobs\SendNotice
[2021-12-14 17:37:46][271] Failed:     App\Jobs\SendNotice
[2021-12-14 17:37:46][273] Processing: App\Jobs\TelegramFeedBack
[2021-12-14 17:38:48][273] Processing: App\Jobs\TelegramFeedBack
[2021-12-14 17:38:48][273] Failed:     App\Jobs\TelegramFeedBack
[2021-12-14 18:00:01][191] Processing: App\Jobs\TelegramNotice
[2021-12-14 18:01:02][191] Processing: App\Jobs\TelegramNotice
[2021-12-14 18:01:02][191] Failed:     App\Jobs\TelegramNotice
[2021-12-14 18:17:27][274] Processing: App\Jobs\SendNotice
[2021-12-14 18:17:27][274] Failed:     App\Jobs\SendNotice
[2021-12-14 18:17:32][278] Processing: App\Jobs\SendNotice
[2021-12-14 18:17:32][278] Failed:     App\Jobs\SendNotice
[2021-12-14 18:17:55][282] Processing: App\Jobs\SendNotice
[2021-12-14 18:17:55][282] Failed:     App\Jobs\SendNotice
[2021-12-14 18:18:25][275] Processing: App\Jobs\SendNotice
[2021-12-14 18:18:26][279] Processing: App\Jobs\SendNotice
[2021-12-14 18:18:27][274] Processing: App\Jobs\SendNotice
[2021-12-14 18:18:27][274] Failed:     App\Jobs\SendNotice
[2021-12-14 18:18:33][278] Processing: App\Jobs\SendNotice
[2021-12-14 18:18:33][278] Failed:     App\Jobs\SendNotice
[2021-12-14 18:18:54][283] Processing: App\Jobs\SendNotice
[2021-12-14 18:18:56][282] Processing: App\Jobs\SendNotice
[2021-12-14 18:18:56][282] Failed:     App\Jobs\SendNotice
[2021-12-14 18:19:26][275] Processing: App\Jobs\SendNotice
[2021-12-14 18:19:26][275] Failed:     App\Jobs\SendNotice
[2021-12-14 18:19:26][277] Processing: App\Jobs\TelegramFeedBack
[2021-12-14 18:19:27][279] Processing: App\Jobs\SendNotice
[2021-12-14 18:19:27][279] Failed:     App\Jobs\SendNotice
[2021-12-14 18:19:27][281] Processing: App\Jobs\TelegramFeedBack
[2021-12-14 18:19:53][285] Processing: App\Jobs\TelegramFeedBack
[2021-12-14 18:19:55][283] Processing: App\Jobs\SendNotice
[2021-12-14 18:19:55][283] Failed:     App\Jobs\SendNotice
[2021-12-14 18:20:28][277] Processing: App\Jobs\TelegramFeedBack
[2021-12-14 18:20:28][277] Failed:     App\Jobs\TelegramFeedBack
[2021-12-14 18:20:28][281] Processing: App\Jobs\TelegramFeedBack
[2021-12-14 18:20:28][281] Failed:     App\Jobs\TelegramFeedBack
[2021-12-14 18:20:55][285] Processing: App\Jobs\TelegramFeedBack
[2021-12-14 18:20:55][285] Failed:     App\Jobs\TelegramFeedBack
[2021-12-14 18:33:55][286] Processing: App\Jobs\SendMail
[2021-12-14 18:33:55][286] Processed:  App\Jobs\SendMail
[2021-12-15 08:00:00][195] Processing: App\Jobs\TelegramNotice
[2021-12-15 08:00:02][251] Processing: App\Jobs\TelegramNotice
[2021-12-15 08:00:03][255] Processing: App\Jobs\TelegramNotice
[2021-12-15 08:01:00][195] Processing: App\Jobs\TelegramNotice
[2021-12-15 08:01:00][195] Failed:     App\Jobs\TelegramNotice
[2021-12-15 08:01:03][251] Processing: App\Jobs\TelegramNotice
[2021-12-15 08:01:03][251] Failed:     App\Jobs\TelegramNotice
[2021-12-15 08:01:03][255] Processing: App\Jobs\TelegramNotice
[2021-12-15 08:01:03][255] Failed:     App\Jobs\TelegramNotice
[2021-12-15 08:22:46][287] Processing: App\Jobs\SendNotice
[2021-12-15 08:23:44][288] Processing: App\Jobs\SendNotice
[2021-12-15 08:23:46][287] Processing: App\Jobs\SendNotice
[2021-12-15 08:23:46][287] Failed:     App\Jobs\SendNotice
[2021-12-15 08:24:46][288] Processing: App\Jobs\SendNotice
[2021-12-15 08:24:46][288] Failed:     App\Jobs\SendNotice
[2021-12-15 08:24:46][290] Processing: App\Jobs\TelegramFeedBack
[2021-12-15 08:25:47][290] Processing: App\Jobs\TelegramFeedBack
[2021-12-15 08:25:47][290] Failed:     App\Jobs\TelegramFeedBack
[2021-12-15 08:25:59][291] Processing: App\Jobs\SendNotice
[2021-12-15 08:26:30][295] Processing: App\Jobs\SendNotice
[2021-12-15 08:26:59][291] Processing: App\Jobs\SendNotice
[2021-12-15 08:26:59][291] Failed:     App\Jobs\SendNotice
[2021-12-15 08:26:59][292] Processing: App\Jobs\SendNotice
[2021-12-15 08:27:06][299] Processing: App\Jobs\SendNotice
[2021-12-15 08:27:29][296] Processing: App\Jobs\SendNotice
[2021-12-15 08:27:30][295] Processing: App\Jobs\SendNotice
[2021-12-15 08:27:30][295] Failed:     App\Jobs\SendNotice
[2021-12-15 08:27:42][303] Processing: App\Jobs\SendNotice
[2021-12-15 08:27:58][294] Processing: App\Jobs\TelegramFeedBack
[2021-12-15 08:28:00][292] Processing: App\Jobs\SendNotice
[2021-12-15 08:28:00][292] Failed:     App\Jobs\SendNotice
[2021-12-15 08:28:06][299] Processing: App\Jobs\SendNotice
[2021-12-15 08:28:06][299] Failed:     App\Jobs\SendNotice
[2021-12-15 08:28:06][300] Processing: App\Jobs\SendNotice
[2021-12-15 08:28:07][307] Processing: App\Jobs\SendNotice
[2021-12-15 08:28:29][296] Processing: App\Jobs\SendNotice
[2021-12-15 08:28:29][296] Failed:     App\Jobs\SendNotice
[2021-12-15 08:28:29][298] Processing: App\Jobs\TelegramFeedBack
[2021-12-15 08:28:40][304] Processing: App\Jobs\SendNotice
[2021-12-15 08:28:44][303] Processing: App\Jobs\SendNotice
[2021-12-15 08:28:44][303] Failed:     App\Jobs\SendNotice
[2021-12-15 08:28:53][311] Processing: App\Jobs\SendNotice
[2021-12-15 08:28:58][294] Processing: App\Jobs\TelegramFeedBack
[2021-12-15 08:28:58][294] Failed:     App\Jobs\TelegramFeedBack
[2021-12-15 08:29:07][300] Processing: App\Jobs\SendNotice
[2021-12-15 08:29:07][300] Failed:     App\Jobs\SendNotice
[2021-12-15 08:29:07][302] Processing: App\Jobs\TelegramFeedBack
[2021-12-15 08:29:08][307] Processing: App\Jobs\SendNotice
[2021-12-15 08:29:08][307] Failed:     App\Jobs\SendNotice
[2021-12-15 08:29:08][308] Processing: App\Jobs\SendNotice
[2021-12-15 08:29:31][298] Processing: App\Jobs\TelegramFeedBack
[2021-12-15 08:29:31][298] Failed:     App\Jobs\TelegramFeedBack
[2021-12-15 08:29:40][304] Processing: App\Jobs\SendNotice
[2021-12-15 08:29:40][304] Failed:     App\Jobs\SendNotice
[2021-12-15 08:29:40][306] Processing: App\Jobs\TelegramFeedBack
[2021-12-15 08:29:53][311] Processing: App\Jobs\SendNotice
[2021-12-15 08:29:53][311] Failed:     App\Jobs\SendNotice
[2021-12-15 08:29:53][312] Processing: App\Jobs\SendNotice
[2021-12-15 08:29:54][315] Processing: App\Jobs\SendNotice
[2021-12-15 08:30:05][310] Processing: App\Jobs\TelegramFeedBack
[2021-12-15 08:30:09][302] Processing: App\Jobs\TelegramFeedBack
[2021-12-15 08:30:09][302] Failed:     App\Jobs\TelegramFeedBack
[2021-12-15 08:30:09][308] Processing: App\Jobs\SendNotice
[2021-12-15 08:30:09][308] Failed:     App\Jobs\SendNotice
[2021-12-15 08:30:42][306] Processing: App\Jobs\TelegramFeedBack
[2021-12-15 08:30:42][306] Failed:     App\Jobs\TelegramFeedBack
[2021-12-15 08:30:51][314] Processing: App\Jobs\TelegramFeedBack
[2021-12-15 08:30:53][312] Processing: App\Jobs\SendNotice
[2021-12-15 08:30:53][312] Failed:     App\Jobs\SendNotice
[2021-12-15 08:30:53][316] Processing: App\Jobs\SendNotice
[2021-12-15 08:30:54][315] Processing: App\Jobs\SendNotice
[2021-12-15 08:30:54][315] Failed:     App\Jobs\SendNotice
[2021-12-15 08:31:06][310] Processing: App\Jobs\TelegramFeedBack
[2021-12-15 08:31:06][310] Failed:     App\Jobs\TelegramFeedBack
[2021-12-15 08:31:51][314] Processing: App\Jobs\TelegramFeedBack
[2021-12-15 08:31:51][314] Failed:     App\Jobs\TelegramFeedBack
[2021-12-15 08:31:54][316] Processing: App\Jobs\SendNotice
[2021-12-15 08:31:54][316] Failed:     App\Jobs\SendNotice
[2021-12-15 08:31:54][318] Processing: App\Jobs\TelegramFeedBack
[2021-12-15 08:32:56][318] Processing: App\Jobs\TelegramFeedBack
[2021-12-15 08:32:56][318] Failed:     App\Jobs\TelegramFeedBack
[2021-12-15 08:35:44][320] Processing: App\Jobs\SendNotice
[2021-12-15 08:35:45][322] Processing: App\Jobs\TelegramNotice
[2021-12-15 08:36:32][319] Processing: App\Jobs\SendNotice
[2021-12-15 08:36:45][320] Processing: App\Jobs\SendNotice
[2021-12-15 08:36:45][320] Failed:     App\Jobs\SendNotice
[2021-12-15 08:36:45][321] Processing: App\Jobs\SendNotice
[2021-12-15 08:36:46][322] Processing: App\Jobs\TelegramNotice
[2021-12-15 08:36:46][322] Failed:     App\Jobs\TelegramNotice
[2021-12-15 08:37:34][319] Processing: App\Jobs\SendNotice
[2021-12-15 08:37:34][319] Failed:     App\Jobs\SendNotice
[2021-12-15 08:37:44][323] Processing: App\Jobs\TelegramFeedBack
[2021-12-15 08:37:45][321] Processing: App\Jobs\SendNotice
[2021-12-15 08:37:45][321] Failed:     App\Jobs\SendNotice
[2021-12-15 08:38:45][323] Processing: App\Jobs\TelegramFeedBack
[2021-12-15 08:38:45][323] Failed:     App\Jobs\TelegramFeedBack
[2021-12-15 08:41:21][324] Processing: App\Jobs\SendNotice
[2021-12-15 08:41:35][325] Processing: App\Jobs\SendNotice
[2021-12-15 08:41:51][326] Processing: App\Jobs\SendNotice
[2021-12-15 08:42:04][327] Processing: App\Jobs\SendNotice
[2021-12-15 08:42:15][328] Processing: App\Jobs\SendNotice
[2021-12-15 08:42:22][324] Processing: App\Jobs\SendNotice
[2021-12-15 08:42:22][324] Failed:     App\Jobs\SendNotice
[2021-12-15 08:42:37][325] Processing: App\Jobs\SendNotice
[2021-12-15 08:42:37][325] Failed:     App\Jobs\SendNotice
[2021-12-15 08:42:52][326] Processing: App\Jobs\SendNotice
[2021-12-15 08:42:52][326] Failed:     App\Jobs\SendNotice
[2021-12-15 08:42:52][329] Processing: App\Jobs\SendNotice
[2021-12-15 08:42:59][330] Processing: App\Jobs\SendNotice
[2021-12-15 08:43:04][327] Processing: App\Jobs\SendNotice
[2021-12-15 08:43:04][327] Failed:     App\Jobs\SendNotice
[2021-12-15 08:43:16][328] Processing: App\Jobs\SendNotice
[2021-12-15 08:43:16][328] Failed:     App\Jobs\SendNotice
[2021-12-15 08:43:52][329] Processing: App\Jobs\SendNotice
[2021-12-15 08:43:52][329] Failed:     App\Jobs\SendNotice
[2021-12-15 08:44:01][330] Processing: App\Jobs\SendNotice
[2021-12-15 08:44:01][330] Failed:     App\Jobs\SendNotice
[2021-12-15 08:47:28][331] Processing: App\Jobs\SendNotice
[2021-12-15 08:48:26][332] Processing: App\Jobs\SendNotice
[2021-12-15 08:48:30][331] Processing: App\Jobs\SendNotice
[2021-12-15 08:48:30][331] Failed:     App\Jobs\SendNotice
[2021-12-15 08:49:27][332] Processing: App\Jobs\SendNotice
[2021-12-15 08:49:27][332] Failed:     App\Jobs\SendNotice
[2021-12-15 08:49:27][334] Processing: App\Jobs\TelegramFeedBack
[2021-12-15 08:49:56][335] Processing: App\Jobs\SendNotice
[2021-12-15 08:50:18][339] Processing: App\Jobs\SendNotice
[2021-12-15 08:50:29][334] Processing: App\Jobs\TelegramFeedBack
[2021-12-15 08:50:29][334] Failed:     App\Jobs\TelegramFeedBack
[2021-12-15 08:50:56][335] Processing: App\Jobs\SendNotice
[2021-12-15 08:50:56][335] Failed:     App\Jobs\SendNotice
[2021-12-15 08:50:56][336] Processing: App\Jobs\SendNotice
[2021-12-15 08:51:15][340] Processing: App\Jobs\SendNotice
[2021-12-15 08:51:19][339] Processing: App\Jobs\SendNotice
[2021-12-15 08:51:19][339] Failed:     App\Jobs\SendNotice
[2021-12-15 08:51:58][336] Processing: App\Jobs\SendNotice
[2021-12-15 08:51:58][336] Failed:     App\Jobs\SendNotice
[2021-12-15 08:51:58][338] Processing: App\Jobs\TelegramFeedBack
[2021-12-15 08:52:15][340] Processing: App\Jobs\SendNotice
[2021-12-15 08:52:15][340] Failed:     App\Jobs\SendNotice
[2021-12-15 08:52:15][342] Processing: App\Jobs\TelegramFeedBack
[2021-12-15 08:52:58][338] Processing: App\Jobs\TelegramFeedBack
[2021-12-15 08:52:58][338] Failed:     App\Jobs\TelegramFeedBack
[2021-12-15 08:53:16][342] Processing: App\Jobs\TelegramFeedBack
[2021-12-15 08:53:16][342] Failed:     App\Jobs\TelegramFeedBack
[2021-12-15 09:00:02][200] Processing: App\Jobs\TelegramNotice
[2021-12-15 09:00:03][233] Processing: App\Jobs\TelegramNotice
[2021-12-15 09:00:05][313] Processing: App\Jobs\TelegramNotice
[2021-12-15 09:01:04][200] Processing: App\Jobs\TelegramNotice
[2021-12-15 09:01:04][200] Failed:     App\Jobs\TelegramNotice
[2021-12-15 09:01:04][233] Processing: App\Jobs\TelegramNotice
[2021-12-15 09:01:04][233] Failed:     App\Jobs\TelegramNotice
[2021-12-15 09:01:07][313] Processing: App\Jobs\TelegramNotice
[2021-12-15 09:01:07][313] Failed:     App\Jobs\TelegramNotice
[2021-12-15 09:14:38][343] Processing: App\Jobs\SendNotice
[2021-12-15 09:15:09][347] Processing: App\Jobs\SendNotice
[2021-12-15 09:15:38][343] Processing: App\Jobs\SendNotice
[2021-12-15 09:15:38][343] Failed:     App\Jobs\SendNotice
[2021-12-15 09:15:38][344] Processing: App\Jobs\SendNotice
[2021-12-15 09:16:09][347] Processing: App\Jobs\SendNotice
[2021-12-15 09:16:09][347] Failed:     App\Jobs\SendNotice
[2021-12-15 09:16:09][348] Processing: App\Jobs\SendNotice
[2021-12-15 09:16:40][344] Processing: App\Jobs\SendNotice
[2021-12-15 09:16:40][344] Failed:     App\Jobs\SendNotice
[2021-12-15 09:16:40][346] Processing: App\Jobs\TelegramFeedBack
[2021-12-15 09:17:09][348] Processing: App\Jobs\SendNotice
[2021-12-15 09:17:09][348] Failed:     App\Jobs\SendNotice
[2021-12-15 09:17:09][350] Processing: App\Jobs\TelegramFeedBack
[2021-12-15 09:17:40][346] Processing: App\Jobs\TelegramFeedBack
[2021-12-15 09:17:40][346] Failed:     App\Jobs\TelegramFeedBack
[2021-12-15 09:18:10][350] Processing: App\Jobs\TelegramFeedBack
[2021-12-15 09:18:10][350] Failed:     App\Jobs\TelegramFeedBack
[2021-12-15 09:20:04][351] Processing: App\Jobs\SendNotice
[2021-12-15 09:20:12][352] Processing: App\Jobs\SendNotice
[2021-12-15 09:20:19][353] Processing: App\Jobs\SendNotice
[2021-12-15 09:21:05][351] Processing: App\Jobs\SendNotice
[2021-12-15 09:21:05][351] Failed:     App\Jobs\SendNotice
[2021-12-15 09:21:14][352] Processing: App\Jobs\SendNotice
[2021-12-15 09:21:14][352] Failed:     App\Jobs\SendNotice
[2021-12-15 09:21:20][353] Processing: App\Jobs\SendNotice
[2021-12-15 09:21:20][353] Failed:     App\Jobs\SendNotice
[2021-12-15 09:55:37][354] Processing: App\Jobs\SendNotice
[2021-12-15 09:56:35][355] Processing: App\Jobs\SendNotice
[2021-12-15 09:56:39][354] Processing: App\Jobs\SendNotice
[2021-12-15 09:56:39][354] Failed:     App\Jobs\SendNotice
[2021-12-15 09:57:36][355] Processing: App\Jobs\SendNotice
[2021-12-15 09:57:36][355] Failed:     App\Jobs\SendNotice
[2021-12-15 09:57:36][357] Processing: App\Jobs\TelegramFeedBack
[2021-12-15 09:58:38][357] Processing: App\Jobs\TelegramFeedBack
[2021-12-15 09:58:38][357] Failed:     App\Jobs\TelegramFeedBack
[2021-12-15 10:00:02][247] Processing: App\Jobs\TelegramNotice
[2021-12-15 10:01:04][247] Processing: App\Jobs\TelegramNotice
[2021-12-15 10:01:04][247] Failed:     App\Jobs\TelegramNotice
[2021-12-15 10:42:41][358] Processing: App\Jobs\SendNotice
[2021-12-15 10:43:42][358] Processing: App\Jobs\SendNotice
[2021-12-15 10:43:42][358] Failed:     App\Jobs\SendNotice
[2021-12-15 10:43:42][359] Processing: App\Jobs\SendNotice
[2021-12-15 10:44:08][363] Processing: App\Jobs\SendNotice
[2021-12-15 10:44:33][367] Processing: App\Jobs\SendNotice
[2021-12-15 10:44:43][359] Processing: App\Jobs\SendNotice
[2021-12-15 10:44:43][359] Failed:     App\Jobs\SendNotice
[2021-12-15 10:44:43][361] Processing: App\Jobs\TelegramFeedBack
[2021-12-15 10:45:06][364] Processing: App\Jobs\SendNotice
[2021-12-15 10:45:10][363] Processing: App\Jobs\SendNotice
[2021-12-15 10:45:10][363] Failed:     App\Jobs\SendNotice
[2021-12-15 10:45:22][362] Processing: App\Jobs\SendNotice
[2021-12-15 10:45:32][368] Processing: App\Jobs\SendNotice
[2021-12-15 10:45:34][367] Processing: App\Jobs\SendNotice
[2021-12-15 10:45:34][367] Failed:     App\Jobs\SendNotice
[2021-12-15 10:45:43][361] Processing: App\Jobs\TelegramFeedBack
[2021-12-15 10:45:43][361] Failed:     App\Jobs\TelegramFeedBack
[2021-12-15 10:46:07][364] Processing: App\Jobs\SendNotice
[2021-12-15 10:46:07][364] Failed:     App\Jobs\SendNotice
[2021-12-15 10:46:07][366] Processing: App\Jobs\TelegramFeedBack
[2021-12-15 10:46:23][362] Processing: App\Jobs\SendNotice
[2021-12-15 10:46:23][362] Failed:     App\Jobs\SendNotice
[2021-12-15 10:46:32][368] Processing: App\Jobs\SendNotice
[2021-12-15 10:46:32][368] Failed:     App\Jobs\SendNotice
[2021-12-15 10:46:32][370] Processing: App\Jobs\TelegramFeedBack
[2021-12-15 10:47:07][366] Processing: App\Jobs\TelegramFeedBack
[2021-12-15 10:47:07][366] Failed:     App\Jobs\TelegramFeedBack
[2021-12-15 10:47:34][370] Processing: App\Jobs\TelegramFeedBack
[2021-12-15 10:47:34][370] Failed:     App\Jobs\TelegramFeedBack
[2021-12-15 11:00:01][272] Processing: App\Jobs\TelegramNotice
[2021-12-15 11:00:03][345] Processing: App\Jobs\TelegramNotice
[2021-12-15 11:01:02][272] Processing: App\Jobs\TelegramNotice
[2021-12-15 11:01:02][272] Failed:     App\Jobs\TelegramNotice
[2021-12-15 11:01:05][345] Processing: App\Jobs\TelegramNotice
[2021-12-15 11:01:05][345] Failed:     App\Jobs\TelegramNotice
[2021-12-15 13:00:00][349] Processing: App\Jobs\TelegramNotice
[2021-12-15 13:01:02][349] Processing: App\Jobs\TelegramNotice
[2021-12-15 13:01:02][349] Failed:     App\Jobs\TelegramNotice
[2021-12-15 14:30:02][263] Processing: App\Jobs\TelegramNotice
[2021-12-15 14:31:03][263] Processing: App\Jobs\TelegramNotice
[2021-12-15 14:31:03][263] Failed:     App\Jobs\TelegramNotice
[2021-12-15 15:00:01][241] Processing: App\Jobs\TelegramNotice
[2021-12-15 15:00:03][356] Processing: App\Jobs\TelegramNotice
[2021-12-15 15:01:02][241] Processing: App\Jobs\TelegramNotice
[2021-12-15 15:01:02][241] Failed:     App\Jobs\TelegramNotice
[2021-12-15 15:01:05][356] Processing: App\Jobs\TelegramNotice
[2021-12-15 15:01:05][356] Failed:     App\Jobs\TelegramNotice
[2021-12-15 15:23:02][371] Processing: App\Jobs\SendNotice
[2021-12-15 15:23:07][372] Processing: App\Jobs\SendNotice
[2021-12-15 15:23:08][373] Processing: App\Jobs\SendNotice
[2021-12-15 15:23:12][374] Processing: App\Jobs\SendNotice
[2021-12-15 15:23:17][375] Processing: App\Jobs\SendNotice
[2021-12-15 15:24:03][371] Processing: App\Jobs\SendNotice
[2021-12-15 15:24:03][371] Failed:     App\Jobs\SendNotice
[2021-12-15 15:24:09][372] Processing: App\Jobs\SendNotice
[2021-12-15 15:24:09][372] Failed:     App\Jobs\SendNotice
[2021-12-15 15:24:09][373] Processing: App\Jobs\SendNotice
[2021-12-15 15:24:09][373] Failed:     App\Jobs\SendNotice
[2021-12-15 15:24:12][374] Processing: App\Jobs\SendNotice
[2021-12-15 15:24:12][374] Failed:     App\Jobs\SendNotice
[2021-12-15 15:24:18][375] Processing: App\Jobs\SendNotice
[2021-12-15 15:24:18][375] Failed:     App\Jobs\SendNotice
[2021-12-15 15:39:03][377] Processing: App\Jobs\SendNotice
[2021-12-15 15:39:05][379] Processing: App\Jobs\TelegramNotice
[2021-12-15 15:40:00][378] Processing: App\Jobs\SendNotice
[2021-12-15 15:40:05][377] Processing: App\Jobs\SendNotice
[2021-12-15 15:40:05][377] Failed:     App\Jobs\SendNotice
[2021-12-15 15:40:05][379] Processing: App\Jobs\TelegramNotice
[2021-12-15 15:40:05][379] Failed:     App\Jobs\TelegramNotice
[2021-12-15 15:40:44][376] Processing: App\Jobs\SendMail
[2021-12-15 15:40:44][376] Processed:  App\Jobs\SendMail
[2021-12-15 15:41:02][378] Processing: App\Jobs\SendNotice
[2021-12-15 15:41:02][378] Failed:     App\Jobs\SendNotice
[2021-12-15 15:41:02][380] Processing: App\Jobs\TelegramFeedBack
[2021-12-15 15:42:03][380] Processing: App\Jobs\TelegramFeedBack
[2021-12-15 15:42:03][380] Failed:     App\Jobs\TelegramFeedBack
[2021-12-15 15:45:58][382] Processing: App\Jobs\TelegramNotice
[2021-12-15 15:46:59][382] Processing: App\Jobs\TelegramNotice
[2021-12-15 15:46:59][382] Failed:     App\Jobs\TelegramNotice
[2021-12-15 15:47:59][381] Processing: App\Jobs\SendNotice
[2021-12-15 15:49:00][381] Processing: App\Jobs\SendNotice
[2021-12-15 15:49:00][381] Failed:     App\Jobs\SendNotice
[2021-12-15 15:49:15][385] Processing: App\Jobs\TelegramNotice
[2021-12-15 15:50:17][385] Processing: App\Jobs\TelegramNotice
[2021-12-15 15:50:17][385] Failed:     App\Jobs\TelegramNotice
[2021-12-15 15:50:35][388] Processing: App\Jobs\TelegramNotice
[2021-12-15 15:51:16][384] Processing: App\Jobs\SendNotice
[2021-12-15 15:51:35][388] Processing: App\Jobs\TelegramNotice
[2021-12-15 15:51:35][388] Failed:     App\Jobs\TelegramNotice
[2021-12-15 15:52:08][391] Processing: App\Jobs\TelegramNotice
[2021-12-15 15:52:16][384] Processing: App\Jobs\SendNotice
[2021-12-15 15:52:16][384] Failed:     App\Jobs\SendNotice
[2021-12-15 15:52:34][387] Processing: App\Jobs\SendNotice
[2021-12-15 15:52:35][394] Processing: App\Jobs\TelegramNotice
[2021-12-15 15:53:09][391] Processing: App\Jobs\TelegramNotice
[2021-12-15 15:53:09][391] Failed:     App\Jobs\TelegramNotice
[2021-12-15 15:53:24][397] Processing: App\Jobs\TelegramNotice
[2021-12-15 15:53:35][387] Processing: App\Jobs\SendNotice
[2021-12-15 15:53:35][387] Failed:     App\Jobs\SendNotice
[2021-12-15 15:53:35][394] Processing: App\Jobs\TelegramNotice
[2021-12-15 15:53:35][394] Failed:     App\Jobs\TelegramNotice
[2021-12-15 15:54:08][390] Processing: App\Jobs\SendNotice
[2021-12-15 15:54:24][397] Processing: App\Jobs\TelegramNotice
[2021-12-15 15:54:24][397] Failed:     App\Jobs\TelegramNotice
[2021-12-15 15:54:33][393] Processing: App\Jobs\SendNotice
[2021-12-15 15:55:08][390] Processing: App\Jobs\SendNotice
[2021-12-15 15:55:08][390] Failed:     App\Jobs\SendNotice
[2021-12-15 15:55:26][396] Processing: App\Jobs\SendNotice
[2021-12-15 15:55:33][393] Processing: App\Jobs\SendNotice
[2021-12-15 15:55:33][393] Failed:     App\Jobs\SendNotice
[2021-12-15 15:56:27][396] Processing: App\Jobs\SendNotice
[2021-12-15 15:56:27][396] Failed:     App\Jobs\SendNotice
[2021-12-15 17:00:02][365] Processing: App\Jobs\TelegramNotice
[2021-12-15 17:01:04][365] Processing: App\Jobs\TelegramNotice
[2021-12-15 17:01:04][365] Failed:     App\Jobs\TelegramNotice
[2021-12-15 17:46:17][399] Processing: App\Jobs\SendNotice
[2021-12-15 17:46:25][400] Processing: App\Jobs\SendNotice
[2021-12-15 17:46:32][401] Processing: App\Jobs\SendNotice
[2021-12-15 17:46:42][402] Processing: App\Jobs\SendNotice
[2021-12-15 17:46:49][403] Processing: App\Jobs\SendNotice
[2021-12-15 17:47:18][399] Processing: App\Jobs\SendNotice
[2021-12-15 17:47:18][399] Failed:     App\Jobs\SendNotice
[2021-12-15 17:47:27][400] Processing: App\Jobs\SendNotice
[2021-12-15 17:47:27][400] Failed:     App\Jobs\SendNotice
[2021-12-15 17:47:33][401] Processing: App\Jobs\SendNotice
[2021-12-15 17:47:33][401] Failed:     App\Jobs\SendNotice
[2021-12-15 17:47:42][402] Processing: App\Jobs\SendNotice
[2021-12-15 17:47:42][402] Failed:     App\Jobs\SendNotice
[2021-12-15 17:47:51][403] Processing: App\Jobs\SendNotice
[2021-12-15 17:47:51][403] Failed:     App\Jobs\SendNotice
[2021-12-15 17:52:30][404] Processing: App\Jobs\SendNotice
[2021-12-15 17:53:28][405] Processing: App\Jobs\SendNotice
[2021-12-15 17:53:30][404] Processing: App\Jobs\SendNotice
[2021-12-15 17:53:30][404] Failed:     App\Jobs\SendNotice
[2021-12-15 17:54:30][405] Processing: App\Jobs\SendNotice
[2021-12-15 17:54:30][405] Failed:     App\Jobs\SendNotice
[2021-12-15 17:54:30][407] Processing: App\Jobs\TelegramFeedBack
[2021-12-15 17:55:31][407] Processing: App\Jobs\TelegramFeedBack
[2021-12-15 17:55:31][407] Failed:     App\Jobs\TelegramFeedBack
[2021-12-15 17:56:25][408] Processing: App\Jobs\SendNotice
[2021-12-15 17:57:00][414] Processing: App\Jobs\SendNotice
[2021-12-15 17:57:25][408] Processing: App\Jobs\SendNotice
[2021-12-15 17:57:25][408] Failed:     App\Jobs\SendNotice
[2021-12-15 17:57:25][409] Processing: App\Jobs\SendNotice
[2021-12-15 17:57:59][415] Processing: App\Jobs\SendNotice
[2021-12-15 17:58:01][414] Processing: App\Jobs\SendNotice
[2021-12-15 17:58:01][414] Failed:     App\Jobs\SendNotice
[2021-12-15 17:58:25][409] Processing: App\Jobs\SendNotice
[2021-12-15 17:58:25][409] Failed:     App\Jobs\SendNotice
[2021-12-15 17:58:25][411] Processing: App\Jobs\TelegramFeedBack
[2021-12-15 17:58:35][412] Processing: App\Jobs\SendNotice
[2021-12-15 17:58:49][413] Processing: App\Jobs\SendNotice
[2021-12-15 17:58:59][415] Processing: App\Jobs\SendNotice
[2021-12-15 17:58:59][415] Failed:     App\Jobs\SendNotice
[2021-12-15 17:58:59][417] Processing: App\Jobs\TelegramFeedBack
[2021-12-15 17:59:10][418] Processing: App\Jobs\SendNotice
[2021-12-15 17:59:26][411] Processing: App\Jobs\TelegramFeedBack
[2021-12-15 17:59:26][411] Failed:     App\Jobs\TelegramFeedBack
[2021-12-15 17:59:35][412] Processing: App\Jobs\SendNotice
[2021-12-15 17:59:35][412] Failed:     App\Jobs\SendNotice
[2021-12-15 17:59:50][413] Processing: App\Jobs\SendNotice
[2021-12-15 17:59:50][413] Failed:     App\Jobs\SendNotice
[2021-12-15 17:59:59][417] Processing: App\Jobs\TelegramFeedBack
[2021-12-15 17:59:59][417] Failed:     App\Jobs\TelegramFeedBack
[2021-12-15 18:00:11][418] Processing: App\Jobs\SendNotice
[2021-12-15 18:00:11][418] Failed:     App\Jobs\SendNotice
[2021-12-16 08:00:00][175] Processing: App\Jobs\TelegramNotice
[2021-12-16 08:00:02][309] Processing: App\Jobs\TelegramNotice
[2021-12-16 08:00:03][317] Processing: App\Jobs\TelegramNotice
[2021-12-16 08:00:05][337] Processing: App\Jobs\TelegramNotice
[2021-12-16 08:00:09][360] Processing: App\Jobs\TelegramNotice
